mode: set
local/metrics-downsampling-deployment-controller/downsampling.go:30.42,32.2 1 1
local/metrics-downsampling-deployment-controller/downsampling.go:34.52,36.2 1 1
local/metrics-downsampling-deployment-controller/downsampling.go:38.47,40.2 1 1
local/metrics-downsampling-deployment-controller/downsampling.go:42.45,44.2 1 1
local/metrics-downsampling-deployment-controller/k8Job.go:29.69,31.16 2 1
local/metrics-downsampling-deployment-controller/k8Job.go:39.2,39.20 1 1
local/metrics-downsampling-deployment-controller/k8Job.go:44.2,44.19 1 1
local/metrics-downsampling-deployment-controller/k8Job.go:31.16,32.29 1 0
local/metrics-downsampling-deployment-controller/k8Job.go:32.29,35.4 2 0
local/metrics-downsampling-deployment-controller/k8Job.go:35.4,37.4 1 0
local/metrics-downsampling-deployment-controller/k8Job.go:39.20,42.3 2 1
local/metrics-downsampling-deployment-controller/k8Job.go:47.103,50.2 2 0
local/metrics-downsampling-deployment-controller/k8Job.go:52.71,55.2 2 1
local/metrics-downsampling-deployment-controller/k8Job.go:57.67,60.2 2 1
local/metrics-downsampling-deployment-controller/k8Job.go:62.85,66.16 4 1
local/metrics-downsampling-deployment-controller/k8Job.go:70.2,70.13 1 1
local/metrics-downsampling-deployment-controller/k8Job.go:75.2,76.16 2 1
local/metrics-downsampling-deployment-controller/k8Job.go:80.2,83.16 4 1
local/metrics-downsampling-deployment-controller/k8Job.go:88.2,91.16 4 1
local/metrics-downsampling-deployment-controller/k8Job.go:94.2,96.24 2 1
local/metrics-downsampling-deployment-controller/k8Job.go:66.16,68.3 1 0
local/metrics-downsampling-deployment-controller/k8Job.go:70.13,73.3 2 1
local/metrics-downsampling-deployment-controller/k8Job.go:76.16,78.3 1 0
local/metrics-downsampling-deployment-controller/k8Job.go:83.16,85.3 1 0
local/metrics-downsampling-deployment-controller/k8Job.go:91.16,93.3 1 0
local/metrics-downsampling-deployment-controller/k8Job.go:99.126,101.19 2 0
local/metrics-downsampling-deployment-controller/k8Job.go:112.2,112.15 1 0
local/metrics-downsampling-deployment-controller/k8Job.go:102.31,103.82 1 0
local/metrics-downsampling-deployment-controller/k8Job.go:104.31,105.82 1 0
local/metrics-downsampling-deployment-controller/k8Job.go:106.33,107.84 1 0
local/metrics-downsampling-deployment-controller/k8Job.go:108.10,109.58 1 0
local/metrics-downsampling-deployment-controller/k8Job.go:115.98,117.2 1 0
local/metrics-downsampling-deployment-controller/kafka.go:17.61,21.16 4 1
local/metrics-downsampling-deployment-controller/kafka.go:24.2,24.43 1 1
local/metrics-downsampling-deployment-controller/kafka.go:21.16,23.3 1 0
local/metrics-downsampling-deployment-controller/kafka.go:27.66,29.2 1 1
local/metrics-downsampling-deployment-controller/kafka.go:31.94,33.2 1 1
local/metrics-downsampling-deployment-controller/kafka.go:53.59,55.16 2 1
local/metrics-downsampling-deployment-controller/kafka.go:58.2,58.64 1 1
local/metrics-downsampling-deployment-controller/kafka.go:55.16,57.3 1 0
local/metrics-downsampling-deployment-controller/kafka.go:61.82,62.71 1 1
local/metrics-downsampling-deployment-controller/kafka.go:62.71,64.3 1 1
local/metrics-downsampling-deployment-controller/kafka.go:64.3,65.29 1 1
local/metrics-downsampling-deployment-controller/kafka.go:68.3,69.32 2 1
local/metrics-downsampling-deployment-controller/kafka.go:80.3,80.25 1 1
local/metrics-downsampling-deployment-controller/kafka.go:65.29,67.4 1 0
local/metrics-downsampling-deployment-controller/kafka.go:69.32,71.18 2 1
local/metrics-downsampling-deployment-controller/kafka.go:74.4,75.18 2 1
local/metrics-downsampling-deployment-controller/kafka.go:78.4,78.99 1 1
local/metrics-downsampling-deployment-controller/kafka.go:71.18,73.5 1 0
local/metrics-downsampling-deployment-controller/kafka.go:75.18,77.5 1 0
local/metrics-downsampling-deployment-controller/kafka.go:84.86,86.16 2 1
local/metrics-downsampling-deployment-controller/kafka.go:89.2,90.28 2 1
local/metrics-downsampling-deployment-controller/kafka.go:95.2,96.25 2 1
local/metrics-downsampling-deployment-controller/kafka.go:99.2,99.21 1 1
local/metrics-downsampling-deployment-controller/kafka.go:86.16,88.3 1 1
local/metrics-downsampling-deployment-controller/kafka.go:90.28,91.64 1 1
local/metrics-downsampling-deployment-controller/kafka.go:91.64,93.4 1 1
local/metrics-downsampling-deployment-controller/kafka.go:96.25,98.3 1 1
local/metrics-downsampling-deployment-controller/metrics.go:17.81,25.2 1 1
local/metrics-downsampling-deployment-controller/metrics.go:27.54,47.2 16 1
local/metrics-downsampling-deployment-controller/metrics.go:49.46,51.2 1 0
local/metrics-downsampling-deployment-controller/metrics.go:53.43,55.2 1 1
local/metrics-downsampling-deployment-controller/metrics.go:57.33,59.2 1 0
local/metrics-downsampling-deployment-controller/metrics.go:61.32,63.2 1 0
local/metrics-downsampling-deployment-controller/templateParser.go:23.42,25.2 1 1
local/metrics-downsampling-deployment-controller/templateParser.go:27.88,30.16 3 1
local/metrics-downsampling-deployment-controller/templateParser.go:34.2,36.16 3 1
local/metrics-downsampling-deployment-controller/templateParser.go:40.2,40.26 1 1
local/metrics-downsampling-deployment-controller/templateParser.go:30.16,32.3 1 0
local/metrics-downsampling-deployment-controller/templateParser.go:36.16,38.3 1 0
local/metrics-downsampling-deployment-controller/config.go:43.46,45.16 2 1
local/metrics-downsampling-deployment-controller/config.go:49.2,76.15 2 1
local/metrics-downsampling-deployment-controller/config.go:45.16,47.3 1 0
local/metrics-downsampling-deployment-controller/config.go:79.71,81.2 1 1
local/metrics-downsampling-deployment-controller/config.go:83.69,85.2 1 1
local/metrics-downsampling-deployment-controller/dynamodb.go:23.56,25.2 1 1
local/metrics-downsampling-deployment-controller/dynamodb.go:32.53,36.16 2 0
local/metrics-downsampling-deployment-controller/dynamodb.go:40.2,40.68 1 0
local/metrics-downsampling-deployment-controller/dynamodb.go:36.16,38.3 1 0
local/metrics-downsampling-deployment-controller/dynamodb.go:43.85,45.2 1 1
local/metrics-downsampling-deployment-controller/dynamodb.go:47.86,49.2 1 1
local/metrics-downsampling-deployment-controller/dynamodb.go:51.78,53.2 1 1
local/metrics-downsampling-deployment-controller/dynamodb.go:55.78,57.2 1 1
local/metrics-downsampling-deployment-controller/dynamodb.go:59.68,77.16 4 1
local/metrics-downsampling-deployment-controller/dynamodb.go:80.2,81.16 2 1
local/metrics-downsampling-deployment-controller/dynamodb.go:84.2,84.16 1 1
local/metrics-downsampling-deployment-controller/dynamodb.go:77.16,79.3 1 0
local/metrics-downsampling-deployment-controller/dynamodb.go:81.16,83.3 1 0
local/metrics-downsampling-deployment-controller/dynamodb.go:87.83,99.16 4 1
local/metrics-downsampling-deployment-controller/dynamodb.go:103.2,104.16 2 1
local/metrics-downsampling-deployment-controller/dynamodb.go:107.2,107.16 1 1
local/metrics-downsampling-deployment-controller/dynamodb.go:99.16,101.3 1 0
local/metrics-downsampling-deployment-controller/dynamodb.go:104.16,106.3 1 0
local/metrics-downsampling-deployment-controller/dynamodb.go:110.65,122.2 2 1
local/metrics-downsampling-deployment-controller/dynamodb.go:124.84,135.16 4 1
local/metrics-downsampling-deployment-controller/dynamodb.go:139.2,140.16 2 1
local/metrics-downsampling-deployment-controller/dynamodb.go:143.2,143.19 1 1
local/metrics-downsampling-deployment-controller/dynamodb.go:135.16,137.3 1 0
local/metrics-downsampling-deployment-controller/dynamodb.go:140.16,142.3 1 0
local/metrics-downsampling-deployment-controller/dynamodb.go:146.96,148.16 2 1
local/metrics-downsampling-deployment-controller/dynamodb.go:152.2,157.16 2 1
local/metrics-downsampling-deployment-controller/dynamodb.go:161.2,162.20 2 1
local/metrics-downsampling-deployment-controller/dynamodb.go:148.16,150.3 1 0
local/metrics-downsampling-deployment-controller/dynamodb.go:157.16,159.3 1 0
local/metrics-downsampling-deployment-controller/influxdb.go:20.79,23.16 3 1
local/metrics-downsampling-deployment-controller/influxdb.go:27.2,29.16 3 1
local/metrics-downsampling-deployment-controller/influxdb.go:23.16,25.3 1 0
local/metrics-downsampling-deployment-controller/influxdb.go:32.55,39.2 1 1
local/metrics-downsampling-deployment-controller/influxdb.go:41.36,42.6 1 1
local/metrics-downsampling-deployment-controller/influxdb.go:42.6,45.17 3 1
local/metrics-downsampling-deployment-controller/influxdb.go:45.17,47.4 1 1
local/metrics-downsampling-deployment-controller/influxdb.go:47.4,50.4 2 0
local/metrics-downsampling-deployment-controller/influxdb.go:54.68,60.2 5 1
local/metrics-downsampling-deployment-controller/influxdb.go:62.72,68.16 3 1
local/metrics-downsampling-deployment-controller/influxdb.go:76.2,76.22 1 1
local/metrics-downsampling-deployment-controller/influxdb.go:68.16,69.30 1 1
local/metrics-downsampling-deployment-controller/influxdb.go:69.30,71.4 1 0
local/metrics-downsampling-deployment-controller/influxdb.go:72.3,74.3 1 1
local/metrics-downsampling-deployment-controller/jobCoordinate.go:15.83,17.16 2 0
local/metrics-downsampling-deployment-controller/jobCoordinate.go:20.2,21.16 2 0
local/metrics-downsampling-deployment-controller/jobCoordinate.go:24.2,25.16 2 0
local/metrics-downsampling-deployment-controller/jobCoordinate.go:29.2,29.73 1 0
local/metrics-downsampling-deployment-controller/jobCoordinate.go:17.16,19.3 1 0
local/metrics-downsampling-deployment-controller/jobCoordinate.go:21.16,23.3 1 0
local/metrics-downsampling-deployment-controller/jobCoordinate.go:25.16,27.3 1 0
local/metrics-downsampling-deployment-controller/jobCoordinate.go:32.54,34.16 2 1
local/metrics-downsampling-deployment-controller/jobCoordinate.go:38.2,42.31 5 1
local/metrics-downsampling-deployment-controller/jobCoordinate.go:76.2,76.12 1 1
local/metrics-downsampling-deployment-controller/jobCoordinate.go:34.16,36.3 1 0
local/metrics-downsampling-deployment-controller/jobCoordinate.go:42.31,44.27 2 1
local/metrics-downsampling-deployment-controller/jobCoordinate.go:57.3,57.17 1 1
local/metrics-downsampling-deployment-controller/jobCoordinate.go:61.3,62.17 2 1
local/metrics-downsampling-deployment-controller/jobCoordinate.go:66.3,68.17 3 1
local/metrics-downsampling-deployment-controller/jobCoordinate.go:71.3,73.48 2 1
local/metrics-downsampling-deployment-controller/jobCoordinate.go:45.26,47.41 2 1
local/metrics-downsampling-deployment-controller/jobCoordinate.go:48.18,50.39 2 1
local/metrics-downsampling-deployment-controller/jobCoordinate.go:51.18,53.39 2 1
local/metrics-downsampling-deployment-controller/jobCoordinate.go:54.11,55.67 1 1
local/metrics-downsampling-deployment-controller/jobCoordinate.go:57.17,59.4 1 1
local/metrics-downsampling-deployment-controller/jobCoordinate.go:62.17,64.4 1 0
local/metrics-downsampling-deployment-controller/jobCoordinate.go:68.17,70.4 1 0
local/metrics-downsampling-deployment-controller/jobExpire.go:17.87,19.16 2 0
local/metrics-downsampling-deployment-controller/jobExpire.go:22.2,23.16 2 0
local/metrics-downsampling-deployment-controller/jobExpire.go:26.2,27.16 2 0
local/metrics-downsampling-deployment-controller/jobExpire.go:30.2,31.16 2 0
local/metrics-downsampling-deployment-controller/jobExpire.go:34.2,35.16 2 0
local/metrics-downsampling-deployment-controller/jobExpire.go:38.2,39.16 2 0
local/metrics-downsampling-deployment-controller/jobExpire.go:43.2,43.138 1 0
local/metrics-downsampling-deployment-controller/jobExpire.go:19.16,21.3 1 0
local/metrics-downsampling-deployment-controller/jobExpire.go:23.16,25.3 1 0
local/metrics-downsampling-deployment-controller/jobExpire.go:27.16,29.3 1 0
local/metrics-downsampling-deployment-controller/jobExpire.go:31.16,33.3 1 0
local/metrics-downsampling-deployment-controller/jobExpire.go:35.16,37.3 1 0
local/metrics-downsampling-deployment-controller/jobExpire.go:39.16,41.3 1 0
local/metrics-downsampling-deployment-controller/jobExpire.go:46.56,49.16 3 1
local/metrics-downsampling-deployment-controller/jobExpire.go:52.2,56.16 4 1
local/metrics-downsampling-deployment-controller/jobExpire.go:60.2,62.16 3 1
local/metrics-downsampling-deployment-controller/jobExpire.go:65.2,69.16 4 1
local/metrics-downsampling-deployment-controller/jobExpire.go:72.2,76.16 4 1
local/metrics-downsampling-deployment-controller/jobExpire.go:79.2,81.12 2 1
local/metrics-downsampling-deployment-controller/jobExpire.go:49.16,51.3 1 0
local/metrics-downsampling-deployment-controller/jobExpire.go:56.16,58.3 1 0
local/metrics-downsampling-deployment-controller/jobExpire.go:62.16,64.3 1 0
local/metrics-downsampling-deployment-controller/jobExpire.go:69.16,71.3 1 0
local/metrics-downsampling-deployment-controller/jobExpire.go:76.16,78.3 1 0
local/metrics-downsampling-deployment-controller/query.go:26.101,28.16 2 0
local/metrics-downsampling-deployment-controller/query.go:31.2,31.80 1 0
local/metrics-downsampling-deployment-controller/query.go:28.16,30.3 1 0
local/metrics-downsampling-deployment-controller/query.go:34.99,36.2 1 1
local/metrics-downsampling-deployment-controller/query.go:38.96,41.16 3 1
local/metrics-downsampling-deployment-controller/query.go:45.2,47.21 2 1
local/metrics-downsampling-deployment-controller/query.go:51.2,51.16 1 1
local/metrics-downsampling-deployment-controller/query.go:41.16,43.3 1 0
local/metrics-downsampling-deployment-controller/query.go:47.21,49.3 1 1
local/metrics-downsampling-deployment-controller/query.go:54.91,59.2 3 1
local/metrics-downsampling-deployment-controller/query.go:61.95,66.2 3 0
local/metrics-downsampling-deployment-controller/query.go:68.92,71.16 3 1
local/metrics-downsampling-deployment-controller/query.go:75.2,75.22 1 1
local/metrics-downsampling-deployment-controller/query.go:83.2,88.12 5 1
local/metrics-downsampling-deployment-controller/query.go:71.16,73.3 1 0
local/metrics-downsampling-deployment-controller/query.go:75.22,78.3 2 1
local/metrics-downsampling-deployment-controller/query.go:78.3,78.47 1 1
local/metrics-downsampling-deployment-controller/query.go:78.47,81.3 2 1
local/metrics-downsampling-deployment-controller/query.go:91.90,94.16 3 1
local/metrics-downsampling-deployment-controller/query.go:98.2,98.22 1 1
local/metrics-downsampling-deployment-controller/query.go:104.2,108.12 4 1
local/metrics-downsampling-deployment-controller/query.go:94.16,96.3 1 0
local/metrics-downsampling-deployment-controller/query.go:98.22,100.3 1 1
local/metrics-downsampling-deployment-controller/query.go:100.3,100.39 1 1
local/metrics-downsampling-deployment-controller/query.go:100.39,102.3 1 1
local/metrics-downsampling-deployment-controller/query.go:111.90,113.2 1 1
local/metrics-downsampling-deployment-controller/query.go:115.75,118.16 3 1
local/metrics-downsampling-deployment-controller/query.go:122.2,122.28 1 1
local/metrics-downsampling-deployment-controller/query.go:131.2,131.19 1 1
local/metrics-downsampling-deployment-controller/query.go:118.16,120.3 1 0
local/metrics-downsampling-deployment-controller/query.go:122.28,125.17 3 1
local/metrics-downsampling-deployment-controller/query.go:128.3,128.10 1 1
local/metrics-downsampling-deployment-controller/query.go:125.17,127.4 1 0
local/metrics-downsampling-deployment-controller/query.go:134.83,138.16 4 1
local/metrics-downsampling-deployment-controller/query.go:142.2,142.27 1 1
local/metrics-downsampling-deployment-controller/query.go:153.2,153.23 1 1
local/metrics-downsampling-deployment-controller/query.go:138.16,140.3 1 0
local/metrics-downsampling-deployment-controller/query.go:142.27,144.17 2 1
local/metrics-downsampling-deployment-controller/query.go:148.3,148.40 1 1
local/metrics-downsampling-deployment-controller/query.go:144.17,146.4 1 0
local/metrics-downsampling-deployment-controller/query.go:148.40,150.4 1 1
local/metrics-downsampling-deployment-controller/flinkJobHandler.go:54.76,56.2 1 0
local/metrics-downsampling-deployment-controller/flinkJobHandler.go:58.142,60.16 2 1
local/metrics-downsampling-deployment-controller/flinkJobHandler.go:63.2,63.9 1 1
local/metrics-downsampling-deployment-controller/flinkJobHandler.go:68.2,70.16 3 1
local/metrics-downsampling-deployment-controller/flinkJobHandler.go:74.2,76.16 3 1
local/metrics-downsampling-deployment-controller/flinkJobHandler.go:80.2,81.12 2 1
local/metrics-downsampling-deployment-controller/flinkJobHandler.go:60.16,62.3 1 0
local/metrics-downsampling-deployment-controller/flinkJobHandler.go:63.9,66.3 2 1
local/metrics-downsampling-deployment-controller/flinkJobHandler.go:70.16,72.3 1 0
local/metrics-downsampling-deployment-controller/flinkJobHandler.go:76.16,78.3 1 0
local/metrics-downsampling-deployment-controller/flinkJobHandler.go:84.150,86.16 2 1
local/metrics-downsampling-deployment-controller/flinkJobHandler.go:90.2,91.28 2 1
local/metrics-downsampling-deployment-controller/flinkJobHandler.go:94.2,106.30 4 1
local/metrics-downsampling-deployment-controller/flinkJobHandler.go:86.16,88.3 1 0
local/metrics-downsampling-deployment-controller/flinkJobHandler.go:91.28,93.3 1 1
local/metrics-downsampling-deployment-controller/flinkJobHandler.go:109.74,111.16 2 1
local/metrics-downsampling-deployment-controller/flinkJobHandler.go:114.2,114.9 1 1
local/metrics-downsampling-deployment-controller/flinkJobHandler.go:119.2,121.16 3 1
local/metrics-downsampling-deployment-controller/flinkJobHandler.go:125.2,127.16 3 1
local/metrics-downsampling-deployment-controller/flinkJobHandler.go:131.2,132.12 2 1
local/metrics-downsampling-deployment-controller/flinkJobHandler.go:111.16,113.3 1 0
local/metrics-downsampling-deployment-controller/flinkJobHandler.go:114.9,117.3 2 1
local/metrics-downsampling-deployment-controller/flinkJobHandler.go:121.16,123.3 1 0
local/metrics-downsampling-deployment-controller/flinkJobHandler.go:127.16,129.3 1 0
local/metrics-downsampling-deployment-controller/flinkJobHandler.go:135.95,137.16 2 1
local/metrics-downsampling-deployment-controller/flinkJobHandler.go:141.2,150.30 2 1
local/metrics-downsampling-deployment-controller/flinkJobHandler.go:137.16,139.3 1 0
local/metrics-downsampling-deployment-controller/flinkJobHandler.go:153.94,160.33 3 1
local/metrics-downsampling-deployment-controller/flinkJobHandler.go:163.2,164.19 2 1
local/metrics-downsampling-deployment-controller/flinkJobHandler.go:167.2,169.25 2 1
local/metrics-downsampling-deployment-controller/flinkJobHandler.go:178.2,178.17 1 1
local/metrics-downsampling-deployment-controller/flinkJobHandler.go:160.33,162.3 1 1
local/metrics-downsampling-deployment-controller/flinkJobHandler.go:164.19,166.3 1 1
local/metrics-downsampling-deployment-controller/flinkJobHandler.go:169.25,176.3 1 1
local/metrics-downsampling-deployment-controller/flinkJobHandler.go:181.90,184.14 3 1
local/metrics-downsampling-deployment-controller/flinkJobHandler.go:194.2,196.16 3 1
local/metrics-downsampling-deployment-controller/flinkJobHandler.go:200.2,201.38 2 1
local/metrics-downsampling-deployment-controller/flinkJobHandler.go:208.2,208.19 1 1
local/metrics-downsampling-deployment-controller/flinkJobHandler.go:185.17,186.14 1 1
local/metrics-downsampling-deployment-controller/flinkJobHandler.go:187.20,188.24 1 1
local/metrics-downsampling-deployment-controller/flinkJobHandler.go:189.25,190.22 1 1
local/metrics-downsampling-deployment-controller/flinkJobHandler.go:191.10,192.54 1 0
local/metrics-downsampling-deployment-controller/flinkJobHandler.go:196.16,198.3 1 0
local/metrics-downsampling-deployment-controller/flinkJobHandler.go:201.38,202.81 1 1
local/metrics-downsampling-deployment-controller/flinkJobHandler.go:202.81,205.4 2 1
local/metrics-downsampling-deployment-controller/flinkJobHandler.go:211.84,214.14 3 1
local/metrics-downsampling-deployment-controller/flinkJobHandler.go:224.2,226.16 3 1
local/metrics-downsampling-deployment-controller/flinkJobHandler.go:230.2,232.38 3 1
local/metrics-downsampling-deployment-controller/flinkJobHandler.go:243.2,243.19 1 1
local/metrics-downsampling-deployment-controller/flinkJobHandler.go:215.17,216.14 1 1
local/metrics-downsampling-deployment-controller/flinkJobHandler.go:217.20,218.24 1 1
local/metrics-downsampling-deployment-controller/flinkJobHandler.go:219.25,220.22 1 1
local/metrics-downsampling-deployment-controller/flinkJobHandler.go:221.10,222.57 1 0
local/metrics-downsampling-deployment-controller/flinkJobHandler.go:226.16,228.3 1 0
local/metrics-downsampling-deployment-controller/flinkJobHandler.go:232.38,233.81 1 1
local/metrics-downsampling-deployment-controller/flinkJobHandler.go:233.81,236.18 3 1
local/metrics-downsampling-deployment-controller/flinkJobHandler.go:239.4,239.11 1 1
local/metrics-downsampling-deployment-controller/flinkJobHandler.go:236.18,238.5 1 0
local/metrics-downsampling-deployment-controller/flinkJobHandler.go:246.61,249.16 3 1
local/metrics-downsampling-deployment-controller/flinkJobHandler.go:253.2,254.38 2 1
local/metrics-downsampling-deployment-controller/flinkJobHandler.go:266.2,266.19 1 1
local/metrics-downsampling-deployment-controller/flinkJobHandler.go:249.16,251.3 1 0
local/metrics-downsampling-deployment-controller/flinkJobHandler.go:254.38,257.98 3 1
local/metrics-downsampling-deployment-controller/flinkJobHandler.go:257.98,259.18 2 1
local/metrics-downsampling-deployment-controller/flinkJobHandler.go:262.4,262.11 1 1
local/metrics-downsampling-deployment-controller/flinkJobHandler.go:259.18,261.5 1 0
local/metrics-downsampling-deployment-controller/grafana.go:24.68,29.2 2 1
local/metrics-downsampling-deployment-controller/grafana.go:31.117,34.17 3 1
local/metrics-downsampling-deployment-controller/grafana.go:41.2,41.16 1 1
local/metrics-downsampling-deployment-controller/grafana.go:45.2,46.16 2 1
local/metrics-downsampling-deployment-controller/grafana.go:49.2,54.16 5 1
local/metrics-downsampling-deployment-controller/grafana.go:58.2,59.16 2 1
local/metrics-downsampling-deployment-controller/grafana.go:63.2,64.40 2 1
local/metrics-downsampling-deployment-controller/grafana.go:34.17,35.13 1 1
local/metrics-downsampling-deployment-controller/grafana.go:35.13,37.4 1 1
local/metrics-downsampling-deployment-controller/grafana.go:37.4,39.4 1 1
local/metrics-downsampling-deployment-controller/grafana.go:41.16,43.3 1 0
local/metrics-downsampling-deployment-controller/grafana.go:46.16,48.3 1 0
local/metrics-downsampling-deployment-controller/grafana.go:54.16,56.3 1 1
local/metrics-downsampling-deployment-controller/grafana.go:59.16,61.3 1 0
local/metrics-downsampling-deployment-controller/grafana.go:96.110,100.2 3 1
local/metrics-downsampling-deployment-controller/grafana.go:102.71,106.84 4 1
local/metrics-downsampling-deployment-controller/grafana.go:115.2,115.12 1 1
local/metrics-downsampling-deployment-controller/grafana.go:106.84,107.34 1 1
local/metrics-downsampling-deployment-controller/grafana.go:113.3,113.13 1 1
local/metrics-downsampling-deployment-controller/grafana.go:107.34,110.4 2 1
local/metrics-downsampling-deployment-controller/grafana.go:110.4,110.24 1 1
local/metrics-downsampling-deployment-controller/grafana.go:110.24,112.4 1 1
local/metrics-downsampling-deployment-controller/grafana.go:118.70,122.16 4 1
local/metrics-downsampling-deployment-controller/grafana.go:125.2,126.84 2 1
local/metrics-downsampling-deployment-controller/grafana.go:135.2,135.12 1 1
local/metrics-downsampling-deployment-controller/grafana.go:122.16,124.3 1 0
local/metrics-downsampling-deployment-controller/grafana.go:126.84,127.93 1 1
local/metrics-downsampling-deployment-controller/grafana.go:133.3,133.13 1 1
local/metrics-downsampling-deployment-controller/grafana.go:127.93,130.4 2 1
local/metrics-downsampling-deployment-controller/grafana.go:130.4,130.24 1 1
local/metrics-downsampling-deployment-controller/grafana.go:130.24,132.4 1 1
local/metrics-downsampling-deployment-controller/grafana.go:138.35,139.6 1 1
local/metrics-downsampling-deployment-controller/grafana.go:139.6,142.85 3 1
local/metrics-downsampling-deployment-controller/grafana.go:142.85,145.4 2 0
local/metrics-downsampling-deployment-controller/grafana.go:145.4,147.4 1 1
local/metrics-downsampling-deployment-controller/jobSimulate.go:21.87,23.16 2 0
local/metrics-downsampling-deployment-controller/jobSimulate.go:26.2,27.16 2 0
local/metrics-downsampling-deployment-controller/jobSimulate.go:30.2,31.16 2 0
local/metrics-downsampling-deployment-controller/jobSimulate.go:34.2,35.16 2 0
local/metrics-downsampling-deployment-controller/jobSimulate.go:38.2,39.16 2 0
local/metrics-downsampling-deployment-controller/jobSimulate.go:42.2,43.16 2 0
local/metrics-downsampling-deployment-controller/jobSimulate.go:47.2,48.16 2 0
local/metrics-downsampling-deployment-controller/jobSimulate.go:52.2,53.53 1 0
local/metrics-downsampling-deployment-controller/jobSimulate.go:23.16,25.3 1 0
local/metrics-downsampling-deployment-controller/jobSimulate.go:27.16,29.3 1 0
local/metrics-downsampling-deployment-controller/jobSimulate.go:31.16,33.3 1 0
local/metrics-downsampling-deployment-controller/jobSimulate.go:35.16,37.3 1 0
local/metrics-downsampling-deployment-controller/jobSimulate.go:39.16,41.3 1 0
local/metrics-downsampling-deployment-controller/jobSimulate.go:43.16,45.3 1 0
local/metrics-downsampling-deployment-controller/jobSimulate.go:48.16,50.3 1 0
local/metrics-downsampling-deployment-controller/jobSimulate.go:56.56,57.26 1 1
local/metrics-downsampling-deployment-controller/jobSimulate.go:61.2,62.16 2 1
local/metrics-downsampling-deployment-controller/jobSimulate.go:66.2,66.25 1 1
local/metrics-downsampling-deployment-controller/jobSimulate.go:71.2,72.43 2 1
local/metrics-downsampling-deployment-controller/jobSimulate.go:77.2,78.16 2 1
local/metrics-downsampling-deployment-controller/jobSimulate.go:82.2,83.16 2 1
local/metrics-downsampling-deployment-controller/jobSimulate.go:87.2,88.16 2 1
local/metrics-downsampling-deployment-controller/jobSimulate.go:92.2,93.16 2 1
local/metrics-downsampling-deployment-controller/jobSimulate.go:97.2,98.16 2 1
local/metrics-downsampling-deployment-controller/jobSimulate.go:102.2,103.16 2 1
local/metrics-downsampling-deployment-controller/jobSimulate.go:107.2,108.16 2 1
local/metrics-downsampling-deployment-controller/jobSimulate.go:112.2,113.16 2 1
local/metrics-downsampling-deployment-controller/jobSimulate.go:117.2,118.16 2 1
local/metrics-downsampling-deployment-controller/jobSimulate.go:121.2,122.16 2 1
local/metrics-downsampling-deployment-controller/jobSimulate.go:126.2,127.16 2 1
local/metrics-downsampling-deployment-controller/jobSimulate.go:131.2,131.12 1 1
local/metrics-downsampling-deployment-controller/jobSimulate.go:57.26,59.3 1 1
local/metrics-downsampling-deployment-controller/jobSimulate.go:62.16,64.3 1 0
local/metrics-downsampling-deployment-controller/jobSimulate.go:66.25,69.3 2 1
local/metrics-downsampling-deployment-controller/jobSimulate.go:72.43,75.3 2 1
local/metrics-downsampling-deployment-controller/jobSimulate.go:78.16,80.3 1 0
local/metrics-downsampling-deployment-controller/jobSimulate.go:83.16,85.3 1 0
local/metrics-downsampling-deployment-controller/jobSimulate.go:88.16,90.3 1 0
local/metrics-downsampling-deployment-controller/jobSimulate.go:93.16,95.3 1 0
local/metrics-downsampling-deployment-controller/jobSimulate.go:98.16,100.3 1 0
local/metrics-downsampling-deployment-controller/jobSimulate.go:103.16,105.3 1 0
local/metrics-downsampling-deployment-controller/jobSimulate.go:108.16,110.3 1 0
local/metrics-downsampling-deployment-controller/jobSimulate.go:113.16,115.3 1 0
local/metrics-downsampling-deployment-controller/jobSimulate.go:118.16,120.3 1 0
local/metrics-downsampling-deployment-controller/jobSimulate.go:122.16,124.3 1 0
local/metrics-downsampling-deployment-controller/jobSimulate.go:127.16,129.3 1 0
local/metrics-downsampling-deployment-controller/k8Deployment.go:26.117,29.2 2 0
local/metrics-downsampling-deployment-controller/k8Deployment.go:31.66,33.16 2 1
local/metrics-downsampling-deployment-controller/k8Deployment.go:37.2,40.16 4 1
local/metrics-downsampling-deployment-controller/k8Deployment.go:45.2,47.12 3 1
local/metrics-downsampling-deployment-controller/k8Deployment.go:33.16,35.3 1 0
local/metrics-downsampling-deployment-controller/k8Deployment.go:40.16,42.3 1 0
local/metrics-downsampling-deployment-controller/k8Deployment.go:50.88,56.16 5 1
local/metrics-downsampling-deployment-controller/k8Deployment.go:65.2,66.21 2 1
local/metrics-downsampling-deployment-controller/k8Deployment.go:56.16,57.34 1 1
local/metrics-downsampling-deployment-controller/k8Deployment.go:57.34,60.4 2 1
local/metrics-downsampling-deployment-controller/k8Deployment.go:60.4,62.4 1 0
local/metrics-downsampling-deployment-controller/k8Deployment.go:69.65,73.16 4 1
local/metrics-downsampling-deployment-controller/k8Deployment.go:77.2,79.34 3 1
local/metrics-downsampling-deployment-controller/k8Deployment.go:95.2,95.19 1 1
local/metrics-downsampling-deployment-controller/k8Deployment.go:73.16,75.3 1 0
local/metrics-downsampling-deployment-controller/k8Deployment.go:79.34,83.40 4 1
local/metrics-downsampling-deployment-controller/k8Deployment.go:83.40,87.19 2 1
local/metrics-downsampling-deployment-controller/k8Deployment.go:90.4,91.11 2 1
local/metrics-downsampling-deployment-controller/k8Deployment.go:87.19,89.5 1 0
local/metrics-downsampling-deployment-controller/k8Ingress.go:25.111,28.2 2 0
local/metrics-downsampling-deployment-controller/k8Ingress.go:30.78,34.16 4 1
local/metrics-downsampling-deployment-controller/k8Ingress.go:38.2,41.16 4 1
local/metrics-downsampling-deployment-controller/k8Ingress.go:46.2,48.51 3 1
local/metrics-downsampling-deployment-controller/k8Ingress.go:34.16,36.3 1 0
local/metrics-downsampling-deployment-controller/k8Ingress.go:41.16,43.3 1 0
local/metrics-downsampling-deployment-controller/k8Ingress.go:51.79,57.16 5 1
local/metrics-downsampling-deployment-controller/k8Ingress.go:66.2,67.28 2 1
local/metrics-downsampling-deployment-controller/k8Ingress.go:57.16,58.34 1 1
local/metrics-downsampling-deployment-controller/k8Ingress.go:58.34,61.4 2 1
local/metrics-downsampling-deployment-controller/k8Ingress.go:61.4,63.4 1 0
local/metrics-downsampling-deployment-controller/k8Ingress.go:70.60,74.16 4 1
local/metrics-downsampling-deployment-controller/k8Ingress.go:78.2,80.34 3 1
local/metrics-downsampling-deployment-controller/k8Ingress.go:95.2,95.19 1 1
local/metrics-downsampling-deployment-controller/k8Ingress.go:74.16,76.3 1 0
local/metrics-downsampling-deployment-controller/k8Ingress.go:80.34,84.40 4 1
local/metrics-downsampling-deployment-controller/k8Ingress.go:84.40,88.19 2 1
local/metrics-downsampling-deployment-controller/k8Ingress.go:91.4,91.11 1 1
local/metrics-downsampling-deployment-controller/k8Ingress.go:88.19,90.5 1 0
local/metrics-downsampling-deployment-controller/main.go:26.25,28.32 2 1
local/metrics-downsampling-deployment-controller/main.go:38.2,45.16 8 1
local/metrics-downsampling-deployment-controller/main.go:28.32,29.16 1 1
local/metrics-downsampling-deployment-controller/main.go:30.10,31.19 1 1
local/metrics-downsampling-deployment-controller/main.go:32.10,33.24 1 1
local/metrics-downsampling-deployment-controller/main.go:34.10,35.22 1 1
local/metrics-downsampling-deployment-controller/main.go:48.13,79.2 21 0
local/metrics-downsampling-deployment-controller/main.go:81.29,82.79 1 1
local/metrics-downsampling-deployment-controller/main.go:85.2,85.243 1 1
local/metrics-downsampling-deployment-controller/main.go:88.2,88.12 1 1
local/metrics-downsampling-deployment-controller/main.go:82.79,84.3 1 1
local/metrics-downsampling-deployment-controller/main.go:85.243,87.3 1 1
local/metrics-downsampling-deployment-controller/main.go:91.82,94.26 3 0
local/metrics-downsampling-deployment-controller/main.go:108.2,108.17 1 0
local/metrics-downsampling-deployment-controller/main.go:95.35,96.48 1 0
local/metrics-downsampling-deployment-controller/main.go:97.31,98.55 1 0
local/metrics-downsampling-deployment-controller/main.go:99.31,100.55 1 0
local/metrics-downsampling-deployment-controller/main.go:101.33,102.50 1 0
local/metrics-downsampling-deployment-controller/main.go:103.31,104.50 1 0
local/metrics-downsampling-deployment-controller/main.go:105.10,106.84 1 0
local/metrics-downsampling-deployment-controller/main.go:111.47,112.16 1 0
local/metrics-downsampling-deployment-controller/main.go:112.16,115.3 2 0
local/metrics-downsampling-deployment-controller/main.go:118.23,119.16 1 0
local/metrics-downsampling-deployment-controller/main.go:119.16,124.3 4 0
local/metrics-downsampling-deployment-controller/flink.go:23.36,28.2 2 1
local/metrics-downsampling-deployment-controller/flink.go:30.84,32.16 2 1
local/metrics-downsampling-deployment-controller/flink.go:36.2,38.16 3 1
local/metrics-downsampling-deployment-controller/flink.go:42.2,43.16 2 1
local/metrics-downsampling-deployment-controller/flink.go:47.2,48.34 2 1
local/metrics-downsampling-deployment-controller/flink.go:32.16,34.3 1 0
local/metrics-downsampling-deployment-controller/flink.go:38.16,40.3 1 1
local/metrics-downsampling-deployment-controller/flink.go:43.16,45.3 1 0
local/metrics-downsampling-deployment-controller/flink.go:80.74,82.2 1 0
local/metrics-downsampling-deployment-controller/flink.go:84.68,87.16 3 1
local/metrics-downsampling-deployment-controller/flink.go:93.2,94.24 2 1
local/metrics-downsampling-deployment-controller/flink.go:87.16,89.3 1 1
local/metrics-downsampling-deployment-controller/flink.go:89.3,89.77 1 1
local/metrics-downsampling-deployment-controller/flink.go:89.77,91.3 1 1
local/metrics-downsampling-deployment-controller/flink.go:97.71,106.16 5 1
local/metrics-downsampling-deployment-controller/flink.go:109.2,111.65 2 1
local/metrics-downsampling-deployment-controller/flink.go:115.2,115.12 1 1
local/metrics-downsampling-deployment-controller/flink.go:106.16,108.3 1 1
local/metrics-downsampling-deployment-controller/flink.go:111.65,113.3 1 1
local/metrics-downsampling-deployment-controller/flink.go:118.56,122.16 3 1
local/metrics-downsampling-deployment-controller/flink.go:128.2,128.12 1 1
local/metrics-downsampling-deployment-controller/flink.go:122.16,124.3 1 1
local/metrics-downsampling-deployment-controller/flink.go:124.3,124.77 1 1
local/metrics-downsampling-deployment-controller/flink.go:124.77,126.3 1 1
local/metrics-downsampling-deployment-controller/flink.go:131.64,134.16 3 1
local/metrics-downsampling-deployment-controller/flink.go:140.2,142.16 3 1
local/metrics-downsampling-deployment-controller/flink.go:146.2,146.31 1 1
local/metrics-downsampling-deployment-controller/flink.go:155.2,155.17 1 1
local/metrics-downsampling-deployment-controller/flink.go:158.2,158.19 1 1
local/metrics-downsampling-deployment-controller/flink.go:134.16,136.3 1 1
local/metrics-downsampling-deployment-controller/flink.go:136.3,136.77 1 1
local/metrics-downsampling-deployment-controller/flink.go:136.77,138.3 1 1
local/metrics-downsampling-deployment-controller/flink.go:142.16,144.3 1 0
local/metrics-downsampling-deployment-controller/flink.go:146.31,147.40 1 1
local/metrics-downsampling-deployment-controller/flink.go:147.40,148.69 1 1
local/metrics-downsampling-deployment-controller/flink.go:148.69,150.10 2 1
local/metrics-downsampling-deployment-controller/flink.go:155.17,157.3 1 1
local/metrics-downsampling-deployment-controller/flink.go:161.67,163.2 1 1
local/metrics-downsampling-deployment-controller/flink.go:165.69,167.2 1 1
local/metrics-downsampling-deployment-controller/jobDelete.go:15.97,17.16 2 0
local/metrics-downsampling-deployment-controller/jobDelete.go:21.2,22.83 2 0
local/metrics-downsampling-deployment-controller/jobDelete.go:17.16,19.3 1 0
local/metrics-downsampling-deployment-controller/jobDelete.go:25.61,26.26 1 1
local/metrics-downsampling-deployment-controller/jobDelete.go:30.2,31.16 2 1
local/metrics-downsampling-deployment-controller/jobDelete.go:35.2,35.25 1 1
local/metrics-downsampling-deployment-controller/jobDelete.go:40.2,41.35 2 1
local/metrics-downsampling-deployment-controller/jobDelete.go:46.2,48.16 3 1
local/metrics-downsampling-deployment-controller/jobDelete.go:51.2,55.16 4 1
local/metrics-downsampling-deployment-controller/jobDelete.go:59.2,59.12 1 1
local/metrics-downsampling-deployment-controller/jobDelete.go:26.26,28.3 1 1
local/metrics-downsampling-deployment-controller/jobDelete.go:31.16,33.3 1 0
local/metrics-downsampling-deployment-controller/jobDelete.go:35.25,38.3 2 1
local/metrics-downsampling-deployment-controller/jobDelete.go:41.35,44.3 2 1
local/metrics-downsampling-deployment-controller/jobDelete.go:48.16,50.3 1 0
local/metrics-downsampling-deployment-controller/jobDelete.go:55.16,57.3 1 0
local/metrics-downsampling-deployment-controller/jobDeploy.go:15.97,17.16 2 0
local/metrics-downsampling-deployment-controller/jobDeploy.go:21.2,23.83 2 0
local/metrics-downsampling-deployment-controller/jobDeploy.go:17.16,19.3 1 0
local/metrics-downsampling-deployment-controller/jobDeploy.go:26.61,27.26 1 1
local/metrics-downsampling-deployment-controller/jobDeploy.go:31.2,32.16 2 1
local/metrics-downsampling-deployment-controller/jobDeploy.go:36.2,36.25 1 1
local/metrics-downsampling-deployment-controller/jobDeploy.go:41.2,42.35 2 1
local/metrics-downsampling-deployment-controller/jobDeploy.go:47.2,49.16 3 1
local/metrics-downsampling-deployment-controller/jobDeploy.go:53.2,55.16 3 1
local/metrics-downsampling-deployment-controller/jobDeploy.go:59.2,59.12 1 1
local/metrics-downsampling-deployment-controller/jobDeploy.go:27.26,29.3 1 1
local/metrics-downsampling-deployment-controller/jobDeploy.go:32.16,34.3 1 0
local/metrics-downsampling-deployment-controller/jobDeploy.go:36.25,39.3 2 1
local/metrics-downsampling-deployment-controller/jobDeploy.go:42.35,45.3 2 1
local/metrics-downsampling-deployment-controller/jobDeploy.go:49.16,51.3 1 0
local/metrics-downsampling-deployment-controller/jobDeploy.go:55.16,57.3 1 0
local/metrics-downsampling-deployment-controller/k8Client.go:22.53,27.33 4 0
local/metrics-downsampling-deployment-controller/k8Client.go:32.2,32.16 1 0
local/metrics-downsampling-deployment-controller/k8Client.go:36.2,39.22 3 0
local/metrics-downsampling-deployment-controller/k8Client.go:27.33,29.3 1 0
local/metrics-downsampling-deployment-controller/k8Client.go:29.3,31.3 1 0
local/metrics-downsampling-deployment-controller/k8Client.go:32.16,34.3 1 0
local/metrics-downsampling-deployment-controller/k8Client.go:42.57,44.2 1 0
local/metrics-downsampling-deployment-controller/k8Client.go:46.74,52.33 4 0
local/metrics-downsampling-deployment-controller/k8Client.go:57.2,61.16 3 0
local/metrics-downsampling-deployment-controller/k8Client.go:66.2,68.23 2 0
local/metrics-downsampling-deployment-controller/k8Client.go:52.33,54.3 1 0
local/metrics-downsampling-deployment-controller/k8Client.go:54.3,56.3 1 0
local/metrics-downsampling-deployment-controller/k8Client.go:61.16,62.21 1 0
local/metrics-downsampling-deployment-controller/k8Client.go:71.78,76.16 3 0
local/metrics-downsampling-deployment-controller/k8Client.go:80.2,82.23 2 0
local/metrics-downsampling-deployment-controller/k8Client.go:76.16,77.21 1 0
local/metrics-downsampling-deployment-controller/k8Service.go:25.111,28.2 2 0
local/metrics-downsampling-deployment-controller/k8Service.go:30.60,32.16 2 0
local/metrics-downsampling-deployment-controller/k8Service.go:36.2,39.16 4 0
local/metrics-downsampling-deployment-controller/k8Service.go:44.2,47.16 4 0
local/metrics-downsampling-deployment-controller/k8Service.go:56.2,56.12 1 0
local/metrics-downsampling-deployment-controller/k8Service.go:32.16,34.3 1 0
local/metrics-downsampling-deployment-controller/k8Service.go:39.16,41.3 1 0
local/metrics-downsampling-deployment-controller/k8Service.go:47.16,48.34 1 0
local/metrics-downsampling-deployment-controller/k8Service.go:48.34,51.4 2 0
local/metrics-downsampling-deployment-controller/k8Service.go:51.4,53.4 1 0
local/metrics-downsampling-deployment-controller/k8Service.go:59.52,62.16 3 0
local/metrics-downsampling-deployment-controller/k8Service.go:66.2,68.34 3 0
local/metrics-downsampling-deployment-controller/k8Service.go:82.2,82.12 1 0
local/metrics-downsampling-deployment-controller/k8Service.go:62.16,64.3 1 0
local/metrics-downsampling-deployment-controller/k8Service.go:68.34,72.40 4 0
local/metrics-downsampling-deployment-controller/k8Service.go:72.40,76.19 2 0
local/metrics-downsampling-deployment-controller/k8Service.go:76.19,78.5 1 0
